<?xml version="1.0" encoding="UTF-8"?>
<testsuite name="pathplanning.examples.NavGridExamplesTest" tests="1" skipped="0" failures="0" errors="0" timestamp="2025-10-11T15:06:07" hostname="ANTHONYS_LAPTOP" time="0.132">
  <properties/>
  <testcase name="navGridPipelineGeneratesFeasibleTrajectory()" classname="pathplanning.examples.NavGridExamplesTest" time="0.132"/>
  <system-out><![CDATA[Loading field from navgrid.json format...
Loaded navigation grid:
  Field size: 17.548 x 8.052 m
  Node size: 0.3 m
  Grid dimensions: 27 x 59
  Generated 1 obstacle regions
]]></system-out>
  <system-err><![CDATA[]]></system-err>
</testsuite>
