<?xml version="1.0" encoding="UTF-8"?>
<testsuite name="pathplanning.dynamic.RealTimeReplannerTest" tests="1" skipped="0" failures="0" errors="0" timestamp="2025-10-06T17:23:07" hostname="codespaces-2db7c1" time="0.163">
  <properties/>
  <testcase name="triggersReplanWhenDynamicObstacleBlocksPath()" classname="pathplanning.dynamic.RealTimeReplannerTest" time="0.163"/>
  <system-out><![CDATA[]]></system-out>
  <system-err><![CDATA[]]></system-err>
</testsuite>
